2019-07-09T20:09:03.584 [restartedMain] [WARN] o.s.b.a.e.EndpointId - Endpoint ID 'service-registry' contains invalid characters, please migrate to a valid format.
2019-07-09T20:09:03.594 [restartedMain] [WARN] o.s.b.a.e.EndpointId - Endpoint ID 'hystrix.stream' contains invalid characters, please migrate to a valid format.
2019-07-09T20:09:04.954 [restartedMain] [WARN] c.n.c.s.URLConfigurationSource - No URLs will be polled as dynamic configuration sources.
2019-07-09T20:09:07.098 [restartedMain] [WARN] o.s.b.d.a.OptionalLiveReloadServer - Unable to start LiveReload server
2019-07-09T20:09:07.446 [restartedMain] [WARN] c.n.c.s.URLConfigurationSource - No URLs will be polled as dynamic configuration sources.
2019-07-09T20:22:21.227 [Thread-29] [WARN] c.n.d.DiscoveryClient - Saw local status change event StatusChangeEvent [timestamp=1562674941227, current=DOWN, previous=UP]
2019-07-09T20:22:30.749 [restartedMain] [WARN] o.s.b.a.e.EndpointId - Endpoint ID 'service-registry' contains invalid characters, please migrate to a valid format.
2019-07-09T20:22:30.759 [restartedMain] [WARN] o.s.b.a.e.EndpointId - Endpoint ID 'hystrix.stream' contains invalid characters, please migrate to a valid format.
2019-07-09T20:22:32.105 [restartedMain] [WARN] c.n.c.s.URLConfigurationSource - No URLs will be polled as dynamic configuration sources.
2019-07-09T20:22:34.093 [restartedMain] [WARN] o.s.b.d.a.OptionalLiveReloadServer - Unable to start LiveReload server
2019-07-09T20:22:34.440 [restartedMain] [WARN] c.n.c.s.URLConfigurationSource - No URLs will be polled as dynamic configuration sources.
2019-07-09T20:23:52.117 [Thread-25] [WARN] c.n.d.DiscoveryClient - Saw local status change event StatusChangeEvent [timestamp=1562675032117, current=DOWN, previous=UP]
2019-07-09T20:24:01.173 [restartedMain] [WARN] o.s.b.a.e.EndpointId - Endpoint ID 'service-registry' contains invalid characters, please migrate to a valid format.
2019-07-09T20:24:01.182 [restartedMain] [WARN] o.s.b.a.e.EndpointId - Endpoint ID 'hystrix.stream' contains invalid characters, please migrate to a valid format.
2019-07-09T20:24:02.468 [restartedMain] [WARN] c.n.c.s.URLConfigurationSource - No URLs will be polled as dynamic configuration sources.
2019-07-09T20:24:04.417 [restartedMain] [WARN] o.s.b.d.a.OptionalLiveReloadServer - Unable to start LiveReload server
2019-07-09T20:24:04.749 [restartedMain] [WARN] c.n.c.s.URLConfigurationSource - No URLs will be polled as dynamic configuration sources.
2019-07-09T20:37:06.777 [Thread-24] [WARN] c.n.d.DiscoveryClient - Saw local status change event StatusChangeEvent [timestamp=1562675826777, current=DOWN, previous=UP]
2019-07-09T20:37:16.560 [restartedMain] [WARN] o.s.b.a.e.EndpointId - Endpoint ID 'service-registry' contains invalid characters, please migrate to a valid format.
2019-07-09T20:37:16.569 [restartedMain] [WARN] o.s.b.a.e.EndpointId - Endpoint ID 'hystrix.stream' contains invalid characters, please migrate to a valid format.
2019-07-09T20:37:18.031 [restartedMain] [WARN] c.n.c.s.URLConfigurationSource - No URLs will be polled as dynamic configuration sources.
2019-07-09T20:37:20.032 [restartedMain] [WARN] o.s.b.d.a.OptionalLiveReloadServer - Unable to start LiveReload server
2019-07-09T20:37:20.416 [restartedMain] [WARN] c.n.c.s.URLConfigurationSource - No URLs will be polled as dynamic configuration sources.
2019-07-09T20:37:45.059 [http-nio-8891-exec-2] [WARN] o.s.a.s.c.Jackson2JsonMessageConverter - Could not convert incoming message with content-type [null], 'json' keyword missing.
2019-07-09T20:37:46.751 [http-nio-8891-exec-4] [WARN] o.s.a.s.c.Jackson2JsonMessageConverter - Could not convert incoming message with content-type [null], 'json' keyword missing.
2019-07-09T20:38:28.123 [Thread-26] [WARN] c.n.d.DiscoveryClient - Saw local status change event StatusChangeEvent [timestamp=1562675908123, current=DOWN, previous=UP]
2019-07-09T20:38:37.787 [restartedMain] [WARN] o.s.b.a.e.EndpointId - Endpoint ID 'service-registry' contains invalid characters, please migrate to a valid format.
2019-07-09T20:38:37.796 [restartedMain] [WARN] o.s.b.a.e.EndpointId - Endpoint ID 'hystrix.stream' contains invalid characters, please migrate to a valid format.
2019-07-09T20:38:39.105 [restartedMain] [WARN] c.n.c.s.URLConfigurationSource - No URLs will be polled as dynamic configuration sources.
2019-07-09T20:38:41.142 [restartedMain] [WARN] o.s.b.d.a.OptionalLiveReloadServer - Unable to start LiveReload server
2019-07-09T20:38:41.468 [restartedMain] [WARN] c.n.c.s.URLConfigurationSource - No URLs will be polled as dynamic configuration sources.
2019-07-09T21:14:17.427 [Thread-25] [WARN] c.n.d.DiscoveryClient - Saw local status change event StatusChangeEvent [timestamp=1562678057427, current=DOWN, previous=UP]
2019-07-09T21:14:29.869 [restartedMain] [WARN] o.s.b.a.e.EndpointId - Endpoint ID 'service-registry' contains invalid characters, please migrate to a valid format.
2019-07-09T21:14:29.878 [restartedMain] [WARN] o.s.b.a.e.EndpointId - Endpoint ID 'hystrix.stream' contains invalid characters, please migrate to a valid format.
2019-07-09T21:14:31.213 [restartedMain] [WARN] c.n.c.s.URLConfigurationSource - No URLs will be polled as dynamic configuration sources.
2019-07-09T21:14:33.213 [restartedMain] [WARN] o.s.b.d.a.OptionalLiveReloadServer - Unable to start LiveReload server
2019-07-09T21:14:33.548 [restartedMain] [WARN] c.n.c.s.URLConfigurationSource - No URLs will be polled as dynamic configuration sources.
2019-07-09T21:34:50.483 [Thread-25] [WARN] c.n.d.DiscoveryClient - Saw local status change event StatusChangeEvent [timestamp=1562679290483, current=DOWN, previous=UP]
2019-07-09T21:35:07.624 [restartedMain] [WARN] o.s.b.a.e.EndpointId - Endpoint ID 'service-registry' contains invalid characters, please migrate to a valid format.
2019-07-09T21:35:07.636 [restartedMain] [WARN] o.s.b.a.e.EndpointId - Endpoint ID 'hystrix.stream' contains invalid characters, please migrate to a valid format.
2019-07-09T21:35:09.090 [restartedMain] [WARN] c.n.c.s.URLConfigurationSource - No URLs will be polled as dynamic configuration sources.
2019-07-09T21:35:11.065 [restartedMain] [WARN] o.s.b.d.a.OptionalLiveReloadServer - Unable to start LiveReload server
2019-07-09T21:35:11.289 [restartedMain] [WARN] o.s.b.w.s.c.AnnotationConfigServletWebServerApplicationContext - Exception encountered during context initialization - cancelling refresh attempt: org.springframework.beans.factory.UnsatisfiedDependencyException: Error creating bean with name 'orderController': Unsatisfied dependency expressed through field 'rabbitTemplate'; nested exception is org.springframework.beans.factory.NoSuchBeanDefinitionException: No qualifying bean of type 'org.springframework.amqp.rabbit.core.RabbitTemplate' available: expected at least 1 bean which qualifies as autowire candidate. Dependency annotations: {@org.springframework.beans.factory.annotation.Autowired(required=true)}
2019-07-09T21:35:11.315 [restartedMain] [WARN] o.a.c.l.WebappClassLoaderBase - The web application [ROOT] appears to have started a thread named [RxIoScheduler-1 (Evictor)] but has failed to stop it. This is very likely to create a memory leak. Stack trace of thread:
 sun.misc.Unsafe.park(Native Method)
 java.util.concurrent.locks.LockSupport.parkNanos(LockSupport.java:215)
 java.util.concurrent.locks.AbstractQueuedSynchronizer$ConditionObject.awaitNanos(AbstractQueuedSynchronizer.java:2078)
 java.util.concurrent.ScheduledThreadPoolExecutor$DelayedWorkQueue.take(ScheduledThreadPoolExecutor.java:1093)
 java.util.concurrent.ScheduledThreadPoolExecutor$DelayedWorkQueue.take(ScheduledThreadPoolExecutor.java:809)
 java.util.concurrent.ThreadPoolExecutor.getTask(ThreadPoolExecutor.java:1074)
 java.util.concurrent.ThreadPoolExecutor.runWorker(ThreadPoolExecutor.java:1134)
 java.util.concurrent.ThreadPoolExecutor$Worker.run(ThreadPoolExecutor.java:624)
 java.lang.Thread.run(Thread.java:748)
2019-07-09T21:35:11.566 [restartedMain] [ERROR] o.s.b.d.LoggingFailureAnalysisReporter - 

***************************
APPLICATION FAILED TO START
***************************

Description:

Field rabbitTemplate in com.shanjiancaofu.userserver.controller.OrderController required a bean of type 'org.springframework.amqp.rabbit.core.RabbitTemplate' that could not be found.

The injection point has the following annotations:
	- @org.springframework.beans.factory.annotation.Autowired(required=true)


Action:

Consider defining a bean of type 'org.springframework.amqp.rabbit.core.RabbitTemplate' in your configuration.

2019-07-09T21:48:09.243 [restartedMain] [WARN] o.s.b.a.e.EndpointId - Endpoint ID 'service-registry' contains invalid characters, please migrate to a valid format.
2019-07-09T21:48:09.264 [restartedMain] [WARN] o.s.b.a.e.EndpointId - Endpoint ID 'hystrix.stream' contains invalid characters, please migrate to a valid format.
2019-07-09T21:48:11.928 [restartedMain] [WARN] c.n.c.s.URLConfigurationSource - No URLs will be polled as dynamic configuration sources.
2019-07-09T21:48:15.850 [restartedMain] [WARN] o.s.b.w.s.c.AnnotationConfigServletWebServerApplicationContext - Exception encountered during context initialization - cancelling refresh attempt: org.springframework.beans.factory.BeanCreationException: Error creating bean with name 'taskService' defined in file [/home/jeesk/Desktop/openProject/cloud-demo/user-server/target/classes/com/shanjiancaofu/userserver/quazrt/TaskService.class]: Initialization of bean failed; nested exception is java.lang.IllegalStateException: Encountered invalid @Scheduled method 'print': Cron expression must consist of 6 fields (found 5 in "0/5 0 * * *")
2019-07-09T21:48:15.944 [restartedMain] [WARN] o.a.c.l.WebappClassLoaderBase - The web application [ROOT] appears to have started a thread named [spring.cloud.inetutils] but has failed to stop it. This is very likely to create a memory leak. Stack trace of thread:
 java.net.Inet6AddressImpl.getHostByAddr(Native Method)
 java.net.InetAddress$2.getHostByAddr(InetAddress.java:933)
 java.net.InetAddress.getHostFromNameService(InetAddress.java:618)
 java.net.InetAddress.getHostName(InetAddress.java:560)
 java.net.InetAddress.getHostName(InetAddress.java:532)
 org.springframework.cloud.commons.util.InetUtils$$Lambda$39/1416602861.call(Unknown Source)
 java.util.concurrent.FutureTask.run$$$capture(FutureTask.java:266)
 java.util.concurrent.FutureTask.run(FutureTask.java)
 java.util.concurrent.ThreadPoolExecutor.runWorker(ThreadPoolExecutor.java:1149)
 java.util.concurrent.ThreadPoolExecutor$Worker.run(ThreadPoolExecutor.java:624)
 java.lang.Thread.run(Thread.java:748)
2019-07-09T21:48:15.949 [restartedMain] [WARN] o.a.c.l.WebappClassLoaderBase - The web application [ROOT] appears to have started a thread named [RxIoScheduler-1 (Evictor)] but has failed to stop it. This is very likely to create a memory leak. Stack trace of thread:
 sun.misc.Unsafe.park(Native Method)
 java.util.concurrent.locks.LockSupport.parkNanos(LockSupport.java:215)
 java.util.concurrent.locks.AbstractQueuedSynchronizer$ConditionObject.awaitNanos(AbstractQueuedSynchronizer.java:2078)
 java.util.concurrent.ScheduledThreadPoolExecutor$DelayedWorkQueue.take(ScheduledThreadPoolExecutor.java:1093)
 java.util.concurrent.ScheduledThreadPoolExecutor$DelayedWorkQueue.take(ScheduledThreadPoolExecutor.java:809)
 java.util.concurrent.ThreadPoolExecutor.getTask(ThreadPoolExecutor.java:1074)
 java.util.concurrent.ThreadPoolExecutor.runWorker(ThreadPoolExecutor.java:1134)
 java.util.concurrent.ThreadPoolExecutor$Worker.run(ThreadPoolExecutor.java:624)
 java.lang.Thread.run(Thread.java:748)
2019-07-09T21:48:16.069 [restartedMain] [ERROR] o.s.b.SpringApplication - Application run failed
org.springframework.beans.factory.BeanCreationException: Error creating bean with name 'taskService' defined in file [/home/jeesk/Desktop/openProject/cloud-demo/user-server/target/classes/com/shanjiancaofu/userserver/quazrt/TaskService.class]: Initialization of bean failed; nested exception is java.lang.IllegalStateException: Encountered invalid @Scheduled method 'print': Cron expression must consist of 6 fields (found 5 in "0/5 0 * * *")
	at org.springframework.beans.factory.support.AbstractAutowireCapableBeanFactory.doCreateBean(AbstractAutowireCapableBeanFactory.java:601)
	at org.springframework.beans.factory.support.AbstractAutowireCapableBeanFactory.createBean(AbstractAutowireCapableBeanFactory.java:515)
	at org.springframework.beans.factory.support.AbstractBeanFactory.lambda$doGetBean$0(AbstractBeanFactory.java:320)
	at org.springframework.beans.factory.support.DefaultSingletonBeanRegistry.getSingleton(DefaultSingletonBeanRegistry.java:222)
	at org.springframework.beans.factory.support.AbstractBeanFactory.doGetBean(AbstractBeanFactory.java:318)
	at org.springframework.beans.factory.support.AbstractBeanFactory.getBean(AbstractBeanFactory.java:199)
	at org.springframework.beans.factory.support.DefaultListableBeanFactory.preInstantiateSingletons(DefaultListableBeanFactory.java:845)
	at org.springframework.context.support.AbstractApplicationContext.finishBeanFactoryInitialization(AbstractApplicationContext.java:877)
	at org.springframework.context.support.AbstractApplicationContext.refresh(AbstractApplicationContext.java:549)
	at org.springframework.boot.web.servlet.context.ServletWebServerApplicationContext.refresh(ServletWebServerApplicationContext.java:140)
	at org.springframework.boot.SpringApplication.refresh(SpringApplication.java:742)
	at org.springframework.boot.SpringApplication.refreshContext(SpringApplication.java:389)
	at org.springframework.boot.SpringApplication.run(SpringApplication.java:311)
	at org.springframework.boot.SpringApplication.run(SpringApplication.java:1213)
	at org.springframework.boot.SpringApplication.run(SpringApplication.java:1202)
	at com.shanjiancaofu.userserver.UserServerApplication.main(UserServerApplication.java:23)
	at sun.reflect.NativeMethodAccessorImpl.invoke0(Native Method)
	at sun.reflect.NativeMethodAccessorImpl.invoke(NativeMethodAccessorImpl.java:62)
	at sun.reflect.DelegatingMethodAccessorImpl.invoke(DelegatingMethodAccessorImpl.java:43)
	at java.lang.reflect.Method.invoke(Method.java:498)
	at org.springframework.boot.devtools.restart.RestartLauncher.run(RestartLauncher.java:49)
Caused by: java.lang.IllegalStateException: Encountered invalid @Scheduled method 'print': Cron expression must consist of 6 fields (found 5 in "0/5 0 * * *")
	at org.springframework.scheduling.annotation.ScheduledAnnotationBeanPostProcessor.processScheduled(ScheduledAnnotationBeanPostProcessor.java:496)
	at org.springframework.scheduling.annotation.ScheduledAnnotationBeanPostProcessor.lambda$null$1(ScheduledAnnotationBeanPostProcessor.java:359)
	at java.lang.Iterable.forEach(Iterable.java:75)
	at org.springframework.scheduling.annotation.ScheduledAnnotationBeanPostProcessor.lambda$postProcessAfterInitialization$2(ScheduledAnnotationBeanPostProcessor.java:359)
	at java.util.LinkedHashMap.forEach(LinkedHashMap.java:684)
	at org.springframework.scheduling.annotation.ScheduledAnnotationBeanPostProcessor.postProcessAfterInitialization(ScheduledAnnotationBeanPostProcessor.java:358)
	at org.springframework.beans.factory.support.AbstractAutowireCapableBeanFactory.applyBeanPostProcessorsAfterInitialization(AbstractAutowireCapableBeanFactory.java:429)
	at org.springframework.beans.factory.support.AbstractAutowireCapableBeanFactory.initializeBean(AbstractAutowireCapableBeanFactory.java:1782)
	at org.springframework.beans.factory.support.AbstractAutowireCapableBeanFactory.doCreateBean(AbstractAutowireCapableBeanFactory.java:593)
	... 20 common frames omitted
2019-07-09T21:48:28.477 [restartedMain] [WARN] o.s.b.a.e.EndpointId - Endpoint ID 'service-registry' contains invalid characters, please migrate to a valid format.
2019-07-09T21:48:28.492 [restartedMain] [WARN] o.s.b.a.e.EndpointId - Endpoint ID 'hystrix.stream' contains invalid characters, please migrate to a valid format.
2019-07-09T21:48:30.053 [restartedMain] [WARN] c.n.c.s.URLConfigurationSource - No URLs will be polled as dynamic configuration sources.
2019-07-09T21:48:33.004 [restartedMain] [WARN] o.s.b.d.a.OptionalLiveReloadServer - Unable to start LiveReload server
2019-07-09T21:48:33.265 [restartedMain] [WARN] o.s.b.w.s.c.AnnotationConfigServletWebServerApplicationContext - Exception encountered during context initialization - cancelling refresh attempt: org.springframework.beans.factory.BeanCreationException: Error creating bean with name 'taskService' defined in file [/home/jeesk/Desktop/openProject/cloud-demo/user-server/target/classes/com/shanjiancaofu/userserver/quazrt/TaskService.class]: Initialization of bean failed; nested exception is java.lang.IllegalStateException: Encountered invalid @Scheduled method 'print': Cron expression must consist of 6 fields (found 5 in "0/5 0 * * *")
2019-07-09T21:48:33.290 [restartedMain] [WARN] o.a.c.l.WebappClassLoaderBase - The web application [ROOT] appears to have started a thread named [RxIoScheduler-1 (Evictor)] but has failed to stop it. This is very likely to create a memory leak. Stack trace of thread:
 sun.misc.Unsafe.park(Native Method)
 java.util.concurrent.locks.LockSupport.parkNanos(LockSupport.java:215)
 java.util.concurrent.locks.AbstractQueuedSynchronizer$ConditionObject.awaitNanos(AbstractQueuedSynchronizer.java:2078)
 java.util.concurrent.ScheduledThreadPoolExecutor$DelayedWorkQueue.take(ScheduledThreadPoolExecutor.java:1093)
 java.util.concurrent.ScheduledThreadPoolExecutor$DelayedWorkQueue.take(ScheduledThreadPoolExecutor.java:809)
 java.util.concurrent.ThreadPoolExecutor.getTask(ThreadPoolExecutor.java:1074)
 java.util.concurrent.ThreadPoolExecutor.runWorker(ThreadPoolExecutor.java:1134)
 java.util.concurrent.ThreadPoolExecutor$Worker.run(ThreadPoolExecutor.java:624)
 java.lang.Thread.run(Thread.java:748)
2019-07-09T21:48:33.344 [restartedMain] [ERROR] o.s.b.SpringApplication - Application run failed
org.springframework.beans.factory.BeanCreationException: Error creating bean with name 'taskService' defined in file [/home/jeesk/Desktop/openProject/cloud-demo/user-server/target/classes/com/shanjiancaofu/userserver/quazrt/TaskService.class]: Initialization of bean failed; nested exception is java.lang.IllegalStateException: Encountered invalid @Scheduled method 'print': Cron expression must consist of 6 fields (found 5 in "0/5 0 * * *")
	at org.springframework.beans.factory.support.AbstractAutowireCapableBeanFactory.doCreateBean(AbstractAutowireCapableBeanFactory.java:601)
	at org.springframework.beans.factory.support.AbstractAutowireCapableBeanFactory.createBean(AbstractAutowireCapableBeanFactory.java:515)
	at org.springframework.beans.factory.support.AbstractBeanFactory.lambda$doGetBean$0(AbstractBeanFactory.java:320)
	at org.springframework.beans.factory.support.DefaultSingletonBeanRegistry.getSingleton(DefaultSingletonBeanRegistry.java:222)
	at org.springframework.beans.factory.support.AbstractBeanFactory.doGetBean(AbstractBeanFactory.java:318)
	at org.springframework.beans.factory.support.AbstractBeanFactory.getBean(AbstractBeanFactory.java:199)
	at org.springframework.beans.factory.support.DefaultListableBeanFactory.preInstantiateSingletons(DefaultListableBeanFactory.java:845)
	at org.springframework.context.support.AbstractApplicationContext.finishBeanFactoryInitialization(AbstractApplicationContext.java:877)
	at org.springframework.context.support.AbstractApplicationContext.refresh(AbstractApplicationContext.java:549)
	at org.springframework.boot.web.servlet.context.ServletWebServerApplicationContext.refresh(ServletWebServerApplicationContext.java:140)
	at org.springframework.boot.SpringApplication.refresh(SpringApplication.java:742)
	at org.springframework.boot.SpringApplication.refreshContext(SpringApplication.java:389)
	at org.springframework.boot.SpringApplication.run(SpringApplication.java:311)
	at org.springframework.boot.SpringApplication.run(SpringApplication.java:1213)
	at org.springframework.boot.SpringApplication.run(SpringApplication.java:1202)
	at com.shanjiancaofu.userserver.UserServerApplication.main(UserServerApplication.java:23)
	at sun.reflect.NativeMethodAccessorImpl.invoke0(Native Method)
	at sun.reflect.NativeMethodAccessorImpl.invoke(NativeMethodAccessorImpl.java:62)
	at sun.reflect.DelegatingMethodAccessorImpl.invoke(DelegatingMethodAccessorImpl.java:43)
	at java.lang.reflect.Method.invoke(Method.java:498)
	at org.springframework.boot.devtools.restart.RestartLauncher.run(RestartLauncher.java:49)
Caused by: java.lang.IllegalStateException: Encountered invalid @Scheduled method 'print': Cron expression must consist of 6 fields (found 5 in "0/5 0 * * *")
	at org.springframework.scheduling.annotation.ScheduledAnnotationBeanPostProcessor.processScheduled(ScheduledAnnotationBeanPostProcessor.java:496)
	at org.springframework.scheduling.annotation.ScheduledAnnotationBeanPostProcessor.lambda$null$1(ScheduledAnnotationBeanPostProcessor.java:359)
	at java.lang.Iterable.forEach(Iterable.java:75)
	at org.springframework.scheduling.annotation.ScheduledAnnotationBeanPostProcessor.lambda$postProcessAfterInitialization$2(ScheduledAnnotationBeanPostProcessor.java:359)
	at java.util.LinkedHashMap.forEach(LinkedHashMap.java:684)
	at org.springframework.scheduling.annotation.ScheduledAnnotationBeanPostProcessor.postProcessAfterInitialization(ScheduledAnnotationBeanPostProcessor.java:358)
	at org.springframework.beans.factory.support.AbstractAutowireCapableBeanFactory.applyBeanPostProcessorsAfterInitialization(AbstractAutowireCapableBeanFactory.java:429)
	at org.springframework.beans.factory.support.AbstractAutowireCapableBeanFactory.initializeBean(AbstractAutowireCapableBeanFactory.java:1782)
	at org.springframework.beans.factory.support.AbstractAutowireCapableBeanFactory.doCreateBean(AbstractAutowireCapableBeanFactory.java:593)
	... 20 common frames omitted
2019-07-09T21:51:50.351 [restartedMain] [WARN] o.s.b.a.e.EndpointId - Endpoint ID 'service-registry' contains invalid characters, please migrate to a valid format.
2019-07-09T21:51:50.365 [restartedMain] [WARN] o.s.b.a.e.EndpointId - Endpoint ID 'hystrix.stream' contains invalid characters, please migrate to a valid format.
2019-07-09T21:51:52.028 [restartedMain] [WARN] c.n.c.s.URLConfigurationSource - No URLs will be polled as dynamic configuration sources.
2019-07-09T21:51:54.934 [restartedMain] [WARN] o.s.b.d.a.OptionalLiveReloadServer - Unable to start LiveReload server
2019-07-09T21:51:55.224 [restartedMain] [WARN] o.s.b.w.s.c.AnnotationConfigServletWebServerApplicationContext - Exception encountered during context initialization - cancelling refresh attempt: org.springframework.beans.factory.BeanCreationException: Error creating bean with name 'taskService' defined in file [/home/jeesk/Desktop/openProject/cloud-demo/user-server/target/classes/com/shanjiancaofu/userserver/quazrt/TaskService.class]: Initialization of bean failed; nested exception is java.lang.IllegalStateException: Encountered invalid @Scheduled method 'print': Cron expression must consist of 6 fields (found 5 in "0/5 0 * * *")
2019-07-09T21:51:55.250 [restartedMain] [WARN] o.a.c.l.WebappClassLoaderBase - The web application [ROOT] appears to have started a thread named [spring.cloud.inetutils] but has failed to stop it. This is very likely to create a memory leak. Stack trace of thread:
 java.net.Inet6AddressImpl.getHostByAddr(Native Method)
 java.net.InetAddress$2.getHostByAddr(InetAddress.java:933)
 java.net.InetAddress.getHostFromNameService(InetAddress.java:618)
 java.net.InetAddress.getHostName(InetAddress.java:560)
 java.net.InetAddress.getHostName(InetAddress.java:532)
 org.springframework.cloud.commons.util.InetUtils$$Lambda$39/50022036.call(Unknown Source)
 java.util.concurrent.FutureTask.run$$$capture(FutureTask.java:266)
 java.util.concurrent.FutureTask.run(FutureTask.java)
 java.util.concurrent.ThreadPoolExecutor.runWorker(ThreadPoolExecutor.java:1149)
 java.util.concurrent.ThreadPoolExecutor$Worker.run(ThreadPoolExecutor.java:624)
 java.lang.Thread.run(Thread.java:748)
2019-07-09T21:51:55.251 [restartedMain] [WARN] o.a.c.l.WebappClassLoaderBase - The web application [ROOT] appears to have started a thread named [RxIoScheduler-1 (Evictor)] but has failed to stop it. This is very likely to create a memory leak. Stack trace of thread:
 sun.misc.Unsafe.park(Native Method)
 java.util.concurrent.locks.LockSupport.parkNanos(LockSupport.java:215)
 java.util.concurrent.locks.AbstractQueuedSynchronizer$ConditionObject.awaitNanos(AbstractQueuedSynchronizer.java:2078)
 java.util.concurrent.ScheduledThreadPoolExecutor$DelayedWorkQueue.take(ScheduledThreadPoolExecutor.java:1093)
 java.util.concurrent.ScheduledThreadPoolExecutor$DelayedWorkQueue.take(ScheduledThreadPoolExecutor.java:809)
 java.util.concurrent.ThreadPoolExecutor.getTask(ThreadPoolExecutor.java:1074)
 java.util.concurrent.ThreadPoolExecutor.runWorker(ThreadPoolExecutor.java:1134)
 java.util.concurrent.ThreadPoolExecutor$Worker.run(ThreadPoolExecutor.java:624)
 java.lang.Thread.run(Thread.java:748)
2019-07-09T21:51:55.290 [restartedMain] [ERROR] o.s.b.SpringApplication - Application run failed
org.springframework.beans.factory.BeanCreationException: Error creating bean with name 'taskService' defined in file [/home/jeesk/Desktop/openProject/cloud-demo/user-server/target/classes/com/shanjiancaofu/userserver/quazrt/TaskService.class]: Initialization of bean failed; nested exception is java.lang.IllegalStateException: Encountered invalid @Scheduled method 'print': Cron expression must consist of 6 fields (found 5 in "0/5 0 * * *")
	at org.springframework.beans.factory.support.AbstractAutowireCapableBeanFactory.doCreateBean(AbstractAutowireCapableBeanFactory.java:601)
	at org.springframework.beans.factory.support.AbstractAutowireCapableBeanFactory.createBean(AbstractAutowireCapableBeanFactory.java:515)
	at org.springframework.beans.factory.support.AbstractBeanFactory.lambda$doGetBean$0(AbstractBeanFactory.java:320)
	at org.springframework.beans.factory.support.DefaultSingletonBeanRegistry.getSingleton(DefaultSingletonBeanRegistry.java:222)
	at org.springframework.beans.factory.support.AbstractBeanFactory.doGetBean(AbstractBeanFactory.java:318)
	at org.springframework.beans.factory.support.AbstractBeanFactory.getBean(AbstractBeanFactory.java:199)
	at org.springframework.beans.factory.support.DefaultListableBeanFactory.preInstantiateSingletons(DefaultListableBeanFactory.java:845)
	at org.springframework.context.support.AbstractApplicationContext.finishBeanFactoryInitialization(AbstractApplicationContext.java:877)
	at org.springframework.context.support.AbstractApplicationContext.refresh(AbstractApplicationContext.java:549)
	at org.springframework.boot.web.servlet.context.ServletWebServerApplicationContext.refresh(ServletWebServerApplicationContext.java:140)
	at org.springframework.boot.SpringApplication.refresh(SpringApplication.java:742)
	at org.springframework.boot.SpringApplication.refreshContext(SpringApplication.java:389)
	at org.springframework.boot.SpringApplication.run(SpringApplication.java:311)
	at org.springframework.boot.SpringApplication.run(SpringApplication.java:1213)
	at org.springframework.boot.SpringApplication.run(SpringApplication.java:1202)
	at com.shanjiancaofu.userserver.UserServerApplication.main(UserServerApplication.java:23)
	at sun.reflect.NativeMethodAccessorImpl.invoke0(Native Method)
	at sun.reflect.NativeMethodAccessorImpl.invoke(NativeMethodAccessorImpl.java:62)
	at sun.reflect.DelegatingMethodAccessorImpl.invoke(DelegatingMethodAccessorImpl.java:43)
	at java.lang.reflect.Method.invoke(Method.java:498)
	at org.springframework.boot.devtools.restart.RestartLauncher.run(RestartLauncher.java:49)
Caused by: java.lang.IllegalStateException: Encountered invalid @Scheduled method 'print': Cron expression must consist of 6 fields (found 5 in "0/5 0 * * *")
	at org.springframework.scheduling.annotation.ScheduledAnnotationBeanPostProcessor.processScheduled(ScheduledAnnotationBeanPostProcessor.java:496)
	at org.springframework.scheduling.annotation.ScheduledAnnotationBeanPostProcessor.lambda$null$1(ScheduledAnnotationBeanPostProcessor.java:359)
	at java.lang.Iterable.forEach(Iterable.java:75)
	at org.springframework.scheduling.annotation.ScheduledAnnotationBeanPostProcessor.lambda$postProcessAfterInitialization$2(ScheduledAnnotationBeanPostProcessor.java:359)
	at java.util.LinkedHashMap.forEach(LinkedHashMap.java:684)
	at org.springframework.scheduling.annotation.ScheduledAnnotationBeanPostProcessor.postProcessAfterInitialization(ScheduledAnnotationBeanPostProcessor.java:358)
	at org.springframework.beans.factory.support.AbstractAutowireCapableBeanFactory.applyBeanPostProcessorsAfterInitialization(AbstractAutowireCapableBeanFactory.java:429)
	at org.springframework.beans.factory.support.AbstractAutowireCapableBeanFactory.initializeBean(AbstractAutowireCapableBeanFactory.java:1782)
	at org.springframework.beans.factory.support.AbstractAutowireCapableBeanFactory.doCreateBean(AbstractAutowireCapableBeanFactory.java:593)
	... 20 common frames omitted
