2019-07-06T20:06:36.564 [main] [INFO] o.s.c.s.PostProcessorRegistrationDelegate$BeanPostProcessorChecker - Bean 'org.springframework.cloud.autoconfigure.ConfigurationPropertiesRebinderAutoConfiguration' of type [org.springframework.cloud.autoconfigure.ConfigurationPropertiesRebinderAutoConfiguration$$EnhancerBySpringCGLIB$$98b7c905] is not eligible for getting processed by all BeanPostProcessors (for example: not eligible for auto-proxying)
2019-07-06T20:06:36.803 [main] [INFO] c.s.u.JdbcTest - No active profile set, falling back to default profiles: default
2019-07-06T20:06:37.806 [main] [WARN] o.s.b.a.e.EndpointId - Endpoint ID 'service-registry' contains invalid characters, please migrate to a valid format.
2019-07-06T20:06:37.824 [main] [WARN] o.s.b.a.e.EndpointId - Endpoint ID 'hystrix.stream' contains invalid characters, please migrate to a valid format.
2019-07-06T20:06:38.203 [main] [INFO] o.s.c.c.s.GenericScope - BeanFactory id=f6c44b78-b77f-3588-827c-e1c3e99626ba
2019-07-06T20:06:38.446 [main] [INFO] o.s.c.s.PostProcessorRegistrationDelegate$BeanPostProcessorChecker - Bean 'org.springframework.transaction.annotation.ProxyTransactionManagementConfiguration' of type [org.springframework.transaction.annotation.ProxyTransactionManagementConfiguration$$EnhancerBySpringCGLIB$$7c9dc608] is not eligible for getting processed by all BeanPostProcessors (for example: not eligible for auto-proxying)
2019-07-06T20:06:38.725 [main] [INFO] o.s.c.s.PostProcessorRegistrationDelegate$BeanPostProcessorChecker - Bean 'org.springframework.cloud.autoconfigure.ConfigurationPropertiesRebinderAutoConfiguration' of type [org.springframework.cloud.autoconfigure.ConfigurationPropertiesRebinderAutoConfiguration$$EnhancerBySpringCGLIB$$98b7c905] is not eligible for getting processed by all BeanPostProcessors (for example: not eligible for auto-proxying)
2019-07-06T20:06:40.012 [main] [INFO] c.a.d.p.DruidDataSource - {dataSource-1} inited
2019-07-06T20:06:41.324 [main] [WARN] c.n.c.s.URLConfigurationSource - No URLs will be polled as dynamic configuration sources.
2019-07-06T20:06:41.324 [main] [INFO] c.n.c.s.URLConfigurationSource - To enable URLs as dynamic configuration sources, define System property archaius.configurationSource.additionalUrls or make config.properties available on classpath.
2019-07-06T20:06:41.332 [main] [WARN] c.n.c.s.URLConfigurationSource - No URLs will be polled as dynamic configuration sources.
2019-07-06T20:06:41.333 [main] [INFO] c.n.c.s.URLConfigurationSource - To enable URLs as dynamic configuration sources, define System property archaius.configurationSource.additionalUrls or make config.properties available on classpath.
2019-07-06T20:06:42.597 [main] [INFO] o.s.s.c.ThreadPoolTaskExecutor - Initializing ExecutorService 'applicationTaskExecutor'
2019-07-06T20:06:42.922 [main] [INFO] o.s.b.a.w.s.WelcomePageHandlerMapping - Adding welcome page: class path resource [static/index.html]
2019-07-06T20:06:44.831 [main] [INFO] o.s.b.a.e.w.EndpointLinksResolver - Exposing 2 endpoint(s) beneath base path '/actuator'
2019-07-06T20:06:44.934 [main] [INFO] c.s.u.JdbcTest - Started JdbcTest in 9.561 seconds (JVM running for 10.456)
2019-07-06T20:06:45.433 [main] [ERROR] d.s.Statement - {conn-10005, pstmt-20001} execute error. insert into department (?,?)
java.sql.SQLSyntaxErrorException: You have an error in your SQL syntax; check the manual that corresponds to your MySQL server version for the right syntax to use near '1,'工程部')' at line 1
	at com.mysql.cj.jdbc.exceptions.SQLError.createSQLException(SQLError.java:120)
	at com.mysql.cj.jdbc.exceptions.SQLError.createSQLException(SQLError.java:97)
	at com.mysql.cj.jdbc.exceptions.SQLExceptionsMapping.translateException(SQLExceptionsMapping.java:122)
	at com.mysql.cj.jdbc.ClientPreparedStatement.executeInternal(ClientPreparedStatement.java:974)
	at com.mysql.cj.jdbc.ClientPreparedStatement.execute(ClientPreparedStatement.java:391)
	at com.alibaba.druid.filter.FilterChainImpl.preparedStatement_execute(FilterChainImpl.java:3409)
	at com.alibaba.druid.filter.FilterEventAdapter.preparedStatement_execute(FilterEventAdapter.java:440)
	at com.alibaba.druid.filter.FilterChainImpl.preparedStatement_execute(FilterChainImpl.java:3407)
	at com.alibaba.druid.wall.WallFilter.preparedStatement_execute(WallFilter.java:619)
	at com.alibaba.druid.filter.FilterChainImpl.preparedStatement_execute(FilterChainImpl.java:3407)
	at com.alibaba.druid.filter.FilterEventAdapter.preparedStatement_execute(FilterEventAdapter.java:440)
	at com.alibaba.druid.filter.FilterChainImpl.preparedStatement_execute(FilterChainImpl.java:3407)
	at com.alibaba.druid.proxy.jdbc.PreparedStatementProxyImpl.execute(PreparedStatementProxyImpl.java:167)
	at com.alibaba.druid.pool.DruidPooledPreparedStatement.execute(DruidPooledPreparedStatement.java:498)
	at sun.reflect.NativeMethodAccessorImpl.invoke0(Native Method)
	at sun.reflect.NativeMethodAccessorImpl.invoke(NativeMethodAccessorImpl.java:62)
	at sun.reflect.DelegatingMethodAccessorImpl.invoke(DelegatingMethodAccessorImpl.java:43)
	at java.lang.reflect.Method.invoke(Method.java:498)
	at org.apache.ibatis.logging.jdbc.PreparedStatementLogger.invoke(PreparedStatementLogger.java:59)
	at com.sun.proxy.$Proxy154.execute(Unknown Source)
	at org.apache.ibatis.executor.statement.PreparedStatementHandler.update(PreparedStatementHandler.java:46)
	at org.apache.ibatis.executor.statement.RoutingStatementHandler.update(RoutingStatementHandler.java:74)
	at org.apache.ibatis.executor.SimpleExecutor.doUpdate(SimpleExecutor.java:50)
	at org.apache.ibatis.executor.BaseExecutor.update(BaseExecutor.java:117)
	at org.apache.ibatis.executor.CachingExecutor.update(CachingExecutor.java:76)
	at org.apache.ibatis.session.defaults.DefaultSqlSession.update(DefaultSqlSession.java:198)
	at org.apache.ibatis.session.defaults.DefaultSqlSession.insert(DefaultSqlSession.java:185)
	at sun.reflect.NativeMethodAccessorImpl.invoke0(Native Method)
	at sun.reflect.NativeMethodAccessorImpl.invoke(NativeMethodAccessorImpl.java:62)
	at sun.reflect.DelegatingMethodAccessorImpl.invoke(DelegatingMethodAccessorImpl.java:43)
	at java.lang.reflect.Method.invoke(Method.java:498)
	at org.mybatis.spring.SqlSessionTemplate$SqlSessionInterceptor.invoke(SqlSessionTemplate.java:433)
	at com.sun.proxy.$Proxy114.insert(Unknown Source)
	at org.mybatis.spring.SqlSessionTemplate.insert(SqlSessionTemplate.java:278)
	at org.apache.ibatis.binding.MapperMethod.execute(MapperMethod.java:57)
	at org.apache.ibatis.binding.MapperProxy.invoke(MapperProxy.java:59)
	at com.sun.proxy.$Proxy142.insert(Unknown Source)
	at com.shanjiancaofu.userserver.JdbcTest.saveDepartment(JdbcTest.java:37)
	at sun.reflect.NativeMethodAccessorImpl.invoke0(Native Method)
	at sun.reflect.NativeMethodAccessorImpl.invoke(NativeMethodAccessorImpl.java:62)
	at sun.reflect.DelegatingMethodAccessorImpl.invoke(DelegatingMethodAccessorImpl.java:43)
	at java.lang.reflect.Method.invoke(Method.java:498)
	at org.junit.runners.model.FrameworkMethod$1.runReflectiveCall(FrameworkMethod.java:50)
	at org.junit.internal.runners.model.ReflectiveCallable.run(ReflectiveCallable.java:12)
	at org.junit.runners.model.FrameworkMethod.invokeExplosively(FrameworkMethod.java:47)
	at org.junit.internal.runners.statements.InvokeMethod.evaluate(InvokeMethod.java:17)
	at org.springframework.test.context.junit4.statements.RunBeforeTestExecutionCallbacks.evaluate(RunBeforeTestExecutionCallbacks.java:74)
	at org.springframework.test.context.junit4.statements.RunAfterTestExecutionCallbacks.evaluate(RunAfterTestExecutionCallbacks.java:84)
	at org.springframework.test.context.junit4.statements.RunBeforeTestMethodCallbacks.evaluate(RunBeforeTestMethodCallbacks.java:75)
	at org.springframework.test.context.junit4.statements.RunAfterTestMethodCallbacks.evaluate(RunAfterTestMethodCallbacks.java:86)
	at org.springframework.test.context.junit4.statements.SpringRepeat.evaluate(SpringRepeat.java:84)
	at org.junit.runners.ParentRunner.runLeaf(ParentRunner.java:325)
	at org.springframework.test.context.junit4.SpringJUnit4ClassRunner.runChild(SpringJUnit4ClassRunner.java:251)
	at org.springframework.test.context.junit4.SpringJUnit4ClassRunner.runChild(SpringJUnit4ClassRunner.java:97)
	at org.junit.runners.ParentRunner$3.run(ParentRunner.java:290)
	at org.junit.runners.ParentRunner$1.schedule(ParentRunner.java:71)
	at org.junit.runners.ParentRunner.runChildren(ParentRunner.java:288)
	at org.junit.runners.ParentRunner.access$000(ParentRunner.java:58)
	at org.junit.runners.ParentRunner$2.evaluate(ParentRunner.java:268)
	at org.springframework.test.context.junit4.statements.RunBeforeTestClassCallbacks.evaluate(RunBeforeTestClassCallbacks.java:61)
	at org.springframework.test.context.junit4.statements.RunAfterTestClassCallbacks.evaluate(RunAfterTestClassCallbacks.java:70)
	at org.junit.runners.ParentRunner.run(ParentRunner.java:363)
	at org.springframework.test.context.junit4.SpringJUnit4ClassRunner.run(SpringJUnit4ClassRunner.java:190)
	at org.junit.runner.JUnitCore.run(JUnitCore.java:137)
	at com.intellij.junit4.JUnit4IdeaTestRunner.startRunnerWithArgs(JUnit4IdeaTestRunner.java:68)
	at com.intellij.rt.execution.junit.IdeaTestRunner$Repeater.startRunnerWithArgs(IdeaTestRunner.java:47)
	at com.intellij.rt.execution.junit.JUnitStarter.prepareStreamsAndStart(JUnitStarter.java:242)
	at com.intellij.rt.execution.junit.JUnitStarter.main(JUnitStarter.java:70)
2019-07-06T20:06:45.509 [Thread-6] [INFO] o.s.c.n.e.InstanceInfoFactory - Setting initial instance status as: STARTING
2019-07-06T20:06:45.517 [Thread-6] [INFO] o.s.c.n.e.s.EurekaServiceRegistry - Unregistering application USER-SERVER with eureka with status DOWN
2019-07-06T20:06:45.523 [Thread-6] [INFO] o.s.s.c.ThreadPoolTaskExecutor - Shutting down ExecutorService 'applicationTaskExecutor'
2019-07-06T20:06:45.542 [Thread-6] [INFO] c.a.d.p.DruidDataSource - {dataSource-1} closed
2019-07-06T20:07:21.385 [main] [INFO] o.s.c.s.PostProcessorRegistrationDelegate$BeanPostProcessorChecker - Bean 'org.springframework.cloud.autoconfigure.ConfigurationPropertiesRebinderAutoConfiguration' of type [org.springframework.cloud.autoconfigure.ConfigurationPropertiesRebinderAutoConfiguration$$EnhancerBySpringCGLIB$$cbdf2e34] is not eligible for getting processed by all BeanPostProcessors (for example: not eligible for auto-proxying)
2019-07-06T20:07:21.567 [main] [INFO] c.s.u.JdbcTest - No active profile set, falling back to default profiles: default
2019-07-06T20:07:22.755 [main] [WARN] o.s.b.a.e.EndpointId - Endpoint ID 'service-registry' contains invalid characters, please migrate to a valid format.
2019-07-06T20:07:22.780 [main] [WARN] o.s.b.a.e.EndpointId - Endpoint ID 'hystrix.stream' contains invalid characters, please migrate to a valid format.
2019-07-06T20:07:23.278 [main] [INFO] o.s.c.c.s.GenericScope - BeanFactory id=f6c44b78-b77f-3588-827c-e1c3e99626ba
2019-07-06T20:07:23.608 [main] [INFO] o.s.c.s.PostProcessorRegistrationDelegate$BeanPostProcessorChecker - Bean 'org.springframework.transaction.annotation.ProxyTransactionManagementConfiguration' of type [org.springframework.transaction.annotation.ProxyTransactionManagementConfiguration$$EnhancerBySpringCGLIB$$afc52b37] is not eligible for getting processed by all BeanPostProcessors (for example: not eligible for auto-proxying)
2019-07-06T20:07:23.996 [main] [INFO] o.s.c.s.PostProcessorRegistrationDelegate$BeanPostProcessorChecker - Bean 'org.springframework.cloud.autoconfigure.ConfigurationPropertiesRebinderAutoConfiguration' of type [org.springframework.cloud.autoconfigure.ConfigurationPropertiesRebinderAutoConfiguration$$EnhancerBySpringCGLIB$$cbdf2e34] is not eligible for getting processed by all BeanPostProcessors (for example: not eligible for auto-proxying)
2019-07-06T20:07:30.566 [main] [INFO] c.a.d.p.DruidDataSource - {dataSource-1} inited
2019-07-06T20:07:31.839 [main] [WARN] c.n.c.s.URLConfigurationSource - No URLs will be polled as dynamic configuration sources.
2019-07-06T20:07:31.839 [main] [INFO] c.n.c.s.URLConfigurationSource - To enable URLs as dynamic configuration sources, define System property archaius.configurationSource.additionalUrls or make config.properties available on classpath.
2019-07-06T20:07:31.851 [main] [WARN] c.n.c.s.URLConfigurationSource - No URLs will be polled as dynamic configuration sources.
2019-07-06T20:07:31.851 [main] [INFO] c.n.c.s.URLConfigurationSource - To enable URLs as dynamic configuration sources, define System property archaius.configurationSource.additionalUrls or make config.properties available on classpath.
2019-07-06T20:07:33.031 [main] [INFO] o.s.s.c.ThreadPoolTaskExecutor - Initializing ExecutorService 'applicationTaskExecutor'
2019-07-06T20:07:33.434 [main] [INFO] o.s.b.a.w.s.WelcomePageHandlerMapping - Adding welcome page: class path resource [static/index.html]
2019-07-06T20:07:35.500 [main] [INFO] o.s.b.a.e.w.EndpointLinksResolver - Exposing 2 endpoint(s) beneath base path '/actuator'
2019-07-06T20:07:35.617 [main] [INFO] c.s.u.JdbcTest - Started JdbcTest in 15.419 seconds (JVM running for 17.278)
2019-07-06T20:07:36.220 [main] [ERROR] d.s.Statement - {conn-10005, pstmt-20001} execute error. insert into department (?,?)
java.sql.SQLSyntaxErrorException: You have an error in your SQL syntax; check the manual that corresponds to your MySQL server version for the right syntax to use near '1,'工程部')' at line 1
	at com.mysql.cj.jdbc.exceptions.SQLError.createSQLException(SQLError.java:120)
	at com.mysql.cj.jdbc.exceptions.SQLError.createSQLException(SQLError.java:97)
	at com.mysql.cj.jdbc.exceptions.SQLExceptionsMapping.translateException(SQLExceptionsMapping.java:122)
	at com.mysql.cj.jdbc.ClientPreparedStatement.executeInternal(ClientPreparedStatement.java:974)
	at com.mysql.cj.jdbc.ClientPreparedStatement.execute(ClientPreparedStatement.java:391)
	at com.alibaba.druid.filter.FilterChainImpl.preparedStatement_execute(FilterChainImpl.java:3409)
	at com.alibaba.druid.filter.FilterEventAdapter.preparedStatement_execute(FilterEventAdapter.java:440)
	at com.alibaba.druid.filter.FilterChainImpl.preparedStatement_execute(FilterChainImpl.java:3407)
	at com.alibaba.druid.wall.WallFilter.preparedStatement_execute(WallFilter.java:619)
	at com.alibaba.druid.filter.FilterChainImpl.preparedStatement_execute(FilterChainImpl.java:3407)
	at com.alibaba.druid.filter.FilterEventAdapter.preparedStatement_execute(FilterEventAdapter.java:440)
	at com.alibaba.druid.filter.FilterChainImpl.preparedStatement_execute(FilterChainImpl.java:3407)
	at com.alibaba.druid.proxy.jdbc.PreparedStatementProxyImpl.execute(PreparedStatementProxyImpl.java:167)
	at com.alibaba.druid.pool.DruidPooledPreparedStatement.execute(DruidPooledPreparedStatement.java:498)
	at sun.reflect.NativeMethodAccessorImpl.invoke0(Native Method)
	at sun.reflect.NativeMethodAccessorImpl.invoke(NativeMethodAccessorImpl.java:62)
	at sun.reflect.DelegatingMethodAccessorImpl.invoke(DelegatingMethodAccessorImpl.java:43)
	at java.lang.reflect.Method.invoke(Method.java:498)
	at org.apache.ibatis.logging.jdbc.PreparedStatementLogger.invoke(PreparedStatementLogger.java:59)
	at com.sun.proxy.$Proxy154.execute(Unknown Source)
	at org.apache.ibatis.executor.statement.PreparedStatementHandler.update(PreparedStatementHandler.java:46)
	at org.apache.ibatis.executor.statement.RoutingStatementHandler.update(RoutingStatementHandler.java:74)
	at org.apache.ibatis.executor.SimpleExecutor.doUpdate(SimpleExecutor.java:50)
	at org.apache.ibatis.executor.BaseExecutor.update(BaseExecutor.java:117)
	at org.apache.ibatis.executor.CachingExecutor.update(CachingExecutor.java:76)
	at org.apache.ibatis.session.defaults.DefaultSqlSession.update(DefaultSqlSession.java:198)
	at org.apache.ibatis.session.defaults.DefaultSqlSession.insert(DefaultSqlSession.java:185)
	at sun.reflect.NativeMethodAccessorImpl.invoke0(Native Method)
	at sun.reflect.NativeMethodAccessorImpl.invoke(NativeMethodAccessorImpl.java:62)
	at sun.reflect.DelegatingMethodAccessorImpl.invoke(DelegatingMethodAccessorImpl.java:43)
	at java.lang.reflect.Method.invoke(Method.java:498)
	at org.mybatis.spring.SqlSessionTemplate$SqlSessionInterceptor.invoke(SqlSessionTemplate.java:433)
	at com.sun.proxy.$Proxy114.insert(Unknown Source)
	at org.mybatis.spring.SqlSessionTemplate.insert(SqlSessionTemplate.java:278)
	at org.apache.ibatis.binding.MapperMethod.execute(MapperMethod.java:57)
	at org.apache.ibatis.binding.MapperProxy.invoke(MapperProxy.java:59)
	at com.sun.proxy.$Proxy142.insert(Unknown Source)
	at com.shanjiancaofu.userserver.JdbcTest.saveDepartment(JdbcTest.java:37)
	at sun.reflect.NativeMethodAccessorImpl.invoke0(Native Method)
	at sun.reflect.NativeMethodAccessorImpl.invoke(NativeMethodAccessorImpl.java:62)
	at sun.reflect.DelegatingMethodAccessorImpl.invoke(DelegatingMethodAccessorImpl.java:43)
	at java.lang.reflect.Method.invoke(Method.java:498)
	at org.junit.runners.model.FrameworkMethod$1.runReflectiveCall(FrameworkMethod.java:50)
	at org.junit.internal.runners.model.ReflectiveCallable.run(ReflectiveCallable.java:12)
	at org.junit.runners.model.FrameworkMethod.invokeExplosively(FrameworkMethod.java:47)
	at org.junit.internal.runners.statements.InvokeMethod.evaluate(InvokeMethod.java:17)
	at org.springframework.test.context.junit4.statements.RunBeforeTestExecutionCallbacks.evaluate(RunBeforeTestExecutionCallbacks.java:74)
	at org.springframework.test.context.junit4.statements.RunAfterTestExecutionCallbacks.evaluate(RunAfterTestExecutionCallbacks.java:84)
	at org.springframework.test.context.junit4.statements.RunBeforeTestMethodCallbacks.evaluate(RunBeforeTestMethodCallbacks.java:75)
	at org.springframework.test.context.junit4.statements.RunAfterTestMethodCallbacks.evaluate(RunAfterTestMethodCallbacks.java:86)
	at org.springframework.test.context.junit4.statements.SpringRepeat.evaluate(SpringRepeat.java:84)
	at org.junit.runners.ParentRunner.runLeaf(ParentRunner.java:325)
	at org.springframework.test.context.junit4.SpringJUnit4ClassRunner.runChild(SpringJUnit4ClassRunner.java:251)
	at org.springframework.test.context.junit4.SpringJUnit4ClassRunner.runChild(SpringJUnit4ClassRunner.java:97)
	at org.junit.runners.ParentRunner$3.run(ParentRunner.java:290)
	at org.junit.runners.ParentRunner$1.schedule(ParentRunner.java:71)
	at org.junit.runners.ParentRunner.runChildren(ParentRunner.java:288)
	at org.junit.runners.ParentRunner.access$000(ParentRunner.java:58)
	at org.junit.runners.ParentRunner$2.evaluate(ParentRunner.java:268)
	at org.springframework.test.context.junit4.statements.RunBeforeTestClassCallbacks.evaluate(RunBeforeTestClassCallbacks.java:61)
	at org.springframework.test.context.junit4.statements.RunAfterTestClassCallbacks.evaluate(RunAfterTestClassCallbacks.java:70)
	at org.junit.runners.ParentRunner.run(ParentRunner.java:363)
	at org.springframework.test.context.junit4.SpringJUnit4ClassRunner.run(SpringJUnit4ClassRunner.java:190)
	at org.junit.runner.JUnitCore.run(JUnitCore.java:137)
	at com.intellij.junit4.JUnit4IdeaTestRunner.startRunnerWithArgs(JUnit4IdeaTestRunner.java:68)
	at com.intellij.rt.execution.junit.IdeaTestRunner$Repeater.startRunnerWithArgs(IdeaTestRunner.java:47)
	at com.intellij.rt.execution.junit.JUnitStarter.prepareStreamsAndStart(JUnitStarter.java:242)
	at com.intellij.rt.execution.junit.JUnitStarter.main(JUnitStarter.java:70)
2019-07-06T20:07:36.350 [Thread-6] [INFO] o.s.c.n.e.InstanceInfoFactory - Setting initial instance status as: STARTING
2019-07-06T20:07:36.360 [Thread-6] [INFO] o.s.c.n.e.s.EurekaServiceRegistry - Unregistering application USER-SERVER with eureka with status DOWN
2019-07-06T20:07:36.366 [Thread-6] [INFO] o.s.s.c.ThreadPoolTaskExecutor - Shutting down ExecutorService 'applicationTaskExecutor'
2019-07-06T20:07:36.405 [Thread-6] [INFO] c.a.d.p.DruidDataSource - {dataSource-1} closed
2019-07-06T20:08:37.397 [main] [INFO] o.s.c.s.PostProcessorRegistrationDelegate$BeanPostProcessorChecker - Bean 'org.springframework.cloud.autoconfigure.ConfigurationPropertiesRebinderAutoConfiguration' of type [org.springframework.cloud.autoconfigure.ConfigurationPropertiesRebinderAutoConfiguration$$EnhancerBySpringCGLIB$$accd1c3] is not eligible for getting processed by all BeanPostProcessors (for example: not eligible for auto-proxying)
2019-07-06T20:08:37.593 [main] [INFO] c.s.u.JdbcTest - No active profile set, falling back to default profiles: default
2019-07-06T20:08:38.906 [main] [WARN] o.s.b.a.e.EndpointId - Endpoint ID 'service-registry' contains invalid characters, please migrate to a valid format.
2019-07-06T20:08:38.924 [main] [WARN] o.s.b.a.e.EndpointId - Endpoint ID 'hystrix.stream' contains invalid characters, please migrate to a valid format.
2019-07-06T20:08:39.422 [main] [INFO] o.s.c.c.s.GenericScope - BeanFactory id=f6c44b78-b77f-3588-827c-e1c3e99626ba
2019-07-06T20:08:39.721 [main] [INFO] o.s.c.s.PostProcessorRegistrationDelegate$BeanPostProcessorChecker - Bean 'org.springframework.transaction.annotation.ProxyTransactionManagementConfiguration' of type [org.springframework.transaction.annotation.ProxyTransactionManagementConfiguration$$EnhancerBySpringCGLIB$$eeb2cec6] is not eligible for getting processed by all BeanPostProcessors (for example: not eligible for auto-proxying)
2019-07-06T20:08:40.172 [main] [INFO] o.s.c.s.PostProcessorRegistrationDelegate$BeanPostProcessorChecker - Bean 'org.springframework.cloud.autoconfigure.ConfigurationPropertiesRebinderAutoConfiguration' of type [org.springframework.cloud.autoconfigure.ConfigurationPropertiesRebinderAutoConfiguration$$EnhancerBySpringCGLIB$$accd1c3] is not eligible for getting processed by all BeanPostProcessors (for example: not eligible for auto-proxying)
2019-07-06T20:08:41.988 [main] [INFO] c.a.d.p.DruidDataSource - {dataSource-1} inited
2019-07-06T20:08:43.329 [main] [WARN] c.n.c.s.URLConfigurationSource - No URLs will be polled as dynamic configuration sources.
2019-07-06T20:08:43.329 [main] [INFO] c.n.c.s.URLConfigurationSource - To enable URLs as dynamic configuration sources, define System property archaius.configurationSource.additionalUrls or make config.properties available on classpath.
2019-07-06T20:08:43.344 [main] [WARN] c.n.c.s.URLConfigurationSource - No URLs will be polled as dynamic configuration sources.
2019-07-06T20:08:43.344 [main] [INFO] c.n.c.s.URLConfigurationSource - To enable URLs as dynamic configuration sources, define System property archaius.configurationSource.additionalUrls or make config.properties available on classpath.
2019-07-06T20:08:44.745 [main] [INFO] o.s.s.c.ThreadPoolTaskExecutor - Initializing ExecutorService 'applicationTaskExecutor'
2019-07-06T20:08:45.176 [main] [INFO] o.s.b.a.w.s.WelcomePageHandlerMapping - Adding welcome page: class path resource [static/index.html]
2019-07-06T20:08:47.446 [main] [INFO] o.s.b.a.e.w.EndpointLinksResolver - Exposing 2 endpoint(s) beneath base path '/actuator'
2019-07-06T20:08:47.569 [main] [INFO] c.s.u.JdbcTest - Started JdbcTest in 11.341 seconds (JVM running for 12.995)
2019-07-06T20:08:48.251 [Thread-6] [INFO] o.s.c.n.e.InstanceInfoFactory - Setting initial instance status as: STARTING
2019-07-06T20:08:48.257 [Thread-6] [INFO] o.s.c.n.e.s.EurekaServiceRegistry - Unregistering application USER-SERVER with eureka with status DOWN
2019-07-06T20:08:48.263 [Thread-6] [INFO] o.s.s.c.ThreadPoolTaskExecutor - Shutting down ExecutorService 'applicationTaskExecutor'
2019-07-06T20:08:48.288 [Thread-6] [INFO] c.a.d.p.DruidDataSource - {dataSource-1} closed
2019-07-06T20:09:19.396 [main] [INFO] o.s.c.s.PostProcessorRegistrationDelegate$BeanPostProcessorChecker - Bean 'org.springframework.cloud.autoconfigure.ConfigurationPropertiesRebinderAutoConfiguration' of type [org.springframework.cloud.autoconfigure.ConfigurationPropertiesRebinderAutoConfiguration$$EnhancerBySpringCGLIB$$2bcd3596] is not eligible for getting processed by all BeanPostProcessors (for example: not eligible for auto-proxying)
2019-07-06T20:09:19.593 [main] [INFO] c.s.u.JdbcTest - No active profile set, falling back to default profiles: default
2019-07-06T20:09:20.920 [main] [WARN] o.s.b.a.e.EndpointId - Endpoint ID 'service-registry' contains invalid characters, please migrate to a valid format.
2019-07-06T20:09:20.938 [main] [WARN] o.s.b.a.e.EndpointId - Endpoint ID 'hystrix.stream' contains invalid characters, please migrate to a valid format.
2019-07-06T20:09:21.410 [main] [INFO] o.s.c.c.s.GenericScope - BeanFactory id=f6c44b78-b77f-3588-827c-e1c3e99626ba
2019-07-06T20:09:21.747 [main] [INFO] o.s.c.s.PostProcessorRegistrationDelegate$BeanPostProcessorChecker - Bean 'org.springframework.transaction.annotation.ProxyTransactionManagementConfiguration' of type [org.springframework.transaction.annotation.ProxyTransactionManagementConfiguration$$EnhancerBySpringCGLIB$$fb33299] is not eligible for getting processed by all BeanPostProcessors (for example: not eligible for auto-proxying)
2019-07-06T20:09:22.138 [main] [INFO] o.s.c.s.PostProcessorRegistrationDelegate$BeanPostProcessorChecker - Bean 'org.springframework.cloud.autoconfigure.ConfigurationPropertiesRebinderAutoConfiguration' of type [org.springframework.cloud.autoconfigure.ConfigurationPropertiesRebinderAutoConfiguration$$EnhancerBySpringCGLIB$$2bcd3596] is not eligible for getting processed by all BeanPostProcessors (for example: not eligible for auto-proxying)
2019-07-06T20:09:23.789 [main] [INFO] c.a.d.p.DruidDataSource - {dataSource-1} inited
2019-07-06T20:09:25.087 [main] [WARN] c.n.c.s.URLConfigurationSource - No URLs will be polled as dynamic configuration sources.
2019-07-06T20:09:25.088 [main] [INFO] c.n.c.s.URLConfigurationSource - To enable URLs as dynamic configuration sources, define System property archaius.configurationSource.additionalUrls or make config.properties available on classpath.
2019-07-06T20:09:25.099 [main] [WARN] c.n.c.s.URLConfigurationSource - No URLs will be polled as dynamic configuration sources.
2019-07-06T20:09:25.100 [main] [INFO] c.n.c.s.URLConfigurationSource - To enable URLs as dynamic configuration sources, define System property archaius.configurationSource.additionalUrls or make config.properties available on classpath.
2019-07-06T20:09:26.381 [main] [INFO] o.s.s.c.ThreadPoolTaskExecutor - Initializing ExecutorService 'applicationTaskExecutor'
2019-07-06T20:09:26.811 [main] [INFO] o.s.b.a.w.s.WelcomePageHandlerMapping - Adding welcome page: class path resource [static/index.html]
2019-07-06T20:09:28.862 [main] [INFO] o.s.b.a.e.w.EndpointLinksResolver - Exposing 2 endpoint(s) beneath base path '/actuator'
2019-07-06T20:09:29.009 [main] [INFO] c.s.u.JdbcTest - Started JdbcTest in 10.845 seconds (JVM running for 12.559)
2019-07-06T20:09:29.558 [Thread-6] [INFO] o.s.c.n.e.InstanceInfoFactory - Setting initial instance status as: STARTING
2019-07-06T20:09:29.564 [Thread-6] [INFO] o.s.c.n.e.s.EurekaServiceRegistry - Unregistering application USER-SERVER with eureka with status DOWN
2019-07-06T20:09:29.568 [Thread-6] [INFO] o.s.s.c.ThreadPoolTaskExecutor - Shutting down ExecutorService 'applicationTaskExecutor'
2019-07-06T20:09:29.598 [Thread-6] [INFO] c.a.d.p.DruidDataSource - {dataSource-1} closed
2019-07-06T20:10:02.327 [main] [INFO] o.s.c.s.PostProcessorRegistrationDelegate$BeanPostProcessorChecker - Bean 'org.springframework.cloud.autoconfigure.ConfigurationPropertiesRebinderAutoConfiguration' of type [org.springframework.cloud.autoconfigure.ConfigurationPropertiesRebinderAutoConfiguration$$EnhancerBySpringCGLIB$$7219cbc9] is not eligible for getting processed by all BeanPostProcessors (for example: not eligible for auto-proxying)
2019-07-06T20:10:02.544 [main] [INFO] c.s.u.JdbcTest - No active profile set, falling back to default profiles: default
2019-07-06T20:10:03.557 [main] [WARN] o.s.b.a.e.EndpointId - Endpoint ID 'service-registry' contains invalid characters, please migrate to a valid format.
2019-07-06T20:10:03.573 [main] [WARN] o.s.b.a.e.EndpointId - Endpoint ID 'hystrix.stream' contains invalid characters, please migrate to a valid format.
2019-07-06T20:10:04.001 [main] [INFO] o.s.c.c.s.GenericScope - BeanFactory id=f6c44b78-b77f-3588-827c-e1c3e99626ba
2019-07-06T20:10:04.280 [main] [INFO] o.s.c.s.PostProcessorRegistrationDelegate$BeanPostProcessorChecker - Bean 'org.springframework.transaction.annotation.ProxyTransactionManagementConfiguration' of type [org.springframework.transaction.annotation.ProxyTransactionManagementConfiguration$$EnhancerBySpringCGLIB$$55ffc8cc] is not eligible for getting processed by all BeanPostProcessors (for example: not eligible for auto-proxying)
2019-07-06T20:10:04.570 [main] [INFO] o.s.c.s.PostProcessorRegistrationDelegate$BeanPostProcessorChecker - Bean 'org.springframework.cloud.autoconfigure.ConfigurationPropertiesRebinderAutoConfiguration' of type [org.springframework.cloud.autoconfigure.ConfigurationPropertiesRebinderAutoConfiguration$$EnhancerBySpringCGLIB$$7219cbc9] is not eligible for getting processed by all BeanPostProcessors (for example: not eligible for auto-proxying)
2019-07-06T20:10:05.945 [main] [INFO] c.a.d.p.DruidDataSource - {dataSource-1} inited
2019-07-06T20:10:07.204 [main] [WARN] c.n.c.s.URLConfigurationSource - No URLs will be polled as dynamic configuration sources.
2019-07-06T20:10:07.205 [main] [INFO] c.n.c.s.URLConfigurationSource - To enable URLs as dynamic configuration sources, define System property archaius.configurationSource.additionalUrls or make config.properties available on classpath.
2019-07-06T20:10:07.216 [main] [WARN] c.n.c.s.URLConfigurationSource - No URLs will be polled as dynamic configuration sources.
2019-07-06T20:10:07.217 [main] [INFO] c.n.c.s.URLConfigurationSource - To enable URLs as dynamic configuration sources, define System property archaius.configurationSource.additionalUrls or make config.properties available on classpath.
2019-07-06T20:10:08.424 [main] [INFO] o.s.s.c.ThreadPoolTaskExecutor - Initializing ExecutorService 'applicationTaskExecutor'
2019-07-06T20:10:08.856 [main] [INFO] o.s.b.a.w.s.WelcomePageHandlerMapping - Adding welcome page: class path resource [static/index.html]
2019-07-06T20:10:10.948 [main] [INFO] o.s.b.a.e.w.EndpointLinksResolver - Exposing 2 endpoint(s) beneath base path '/actuator'
2019-07-06T20:10:11.060 [main] [INFO] c.s.u.JdbcTest - Started JdbcTest in 9.825 seconds (JVM running for 11.533)
2019-07-06T20:10:11.723 [Thread-6] [INFO] o.s.c.n.e.InstanceInfoFactory - Setting initial instance status as: STARTING
2019-07-06T20:10:11.731 [Thread-6] [INFO] o.s.c.n.e.s.EurekaServiceRegistry - Unregistering application USER-SERVER with eureka with status DOWN
2019-07-06T20:10:11.737 [Thread-6] [INFO] o.s.s.c.ThreadPoolTaskExecutor - Shutting down ExecutorService 'applicationTaskExecutor'
2019-07-06T20:10:11.769 [Thread-6] [INFO] c.a.d.p.DruidDataSource - {dataSource-1} closed
